<?xml version="1.0" encoding="UTF-8"?>
<!-- Generated by org.testng.reporters.JUnitReportReporter -->
<testsuite hostname="XTS-LAPTOP001" failures="0" tests="5" name="Cardholder.Quick_Login_with_valid_credentials" time="63.940" errors="0" timestamp="22 Sep 2021 12:16:56 GMT">
  <testcase classname="Cardholder.Quick_Login_with_valid_credentials" name="cardholderlogin" time="4.423"/>
  <testcase classname="Cardholder.Quick_Login_with_valid_credentials" name="cardholderlogin" time="5.137"/>
  <testcase classname="Cardholder.Quick_Login_with_valid_credentials" name="cardholderlogin" time="4.416"/>
  <testcase classname="Cardholder.Quick_Login_with_valid_credentials" name="cardholderlogin" time="4.417"/>
  <testcase classname="Cardholder.Quick_Login_with_valid_credentials" name="cardstatement" time="45.547"/>
</testsuite> <!-- Cardholder.Quick_Login_with_valid_credentials -->
